<?xml version="1.0" encoding="UTF-8"?>
<!-- Generated by org.testng.reporters.JUnitReportReporter -->
<testsuite hostname="DESKTOP-AKTBA7H" failures="0" tests="2" name="runnerTest.TestRunner" time="0.327" errors="2" timestamp="2023-11-16T22:09:17 EST" skipped="0">
  <testcase classname="runnerTest.TestRunner" name="runScenario" time="0.321">
    <error message="Cannot invoke &quot;org.openqa.selenium.WebDriver.get(String)&quot; because &quot;this.driver&quot; is null" type="java.lang.NullPointerException">
      <![CDATA[java.lang.NullPointerException: Cannot invoke "org.openqa.selenium.WebDriver.get(String)" because "this.driver" is null
at pageObjects.HomePage.dsalgopage(HomePage.java:59)
at stepDefinition.Home_SD.the_user_opens_ds_algo_portal_link(Home_SD.java:22)
at ✽.The user opens DS Algo portal link(file:///C:/Users/rajas/eclipse-workspace/DSalgo_CrossBrowser/CodeChamps_Dsalgo/src/test/resources/features/DSAlgo_Home.feature:6)
]]>
    </error>
  </testcase> <!-- runScenario -->
  <testcase classname="runnerTest.TestRunner" name="runScenario" time="0.006">
    <error message="Cannot invoke &quot;org.openqa.selenium.WebDriver.get(String)&quot; because &quot;this.driver&quot; is null" type="java.lang.NullPointerException">
      <![CDATA[java.lang.NullPointerException: Cannot invoke "org.openqa.selenium.WebDriver.get(String)" because "this.driver" is null
at pageObjects.HomePage.dsalgopage(HomePage.java:59)
at stepDefinition.Home_SD.the_user_opens_ds_algo_portal_link(Home_SD.java:22)
at ✽.The user opens DS Algo portal link(file:///C:/Users/rajas/eclipse-workspace/DSalgo_CrossBrowser/CodeChamps_Dsalgo/src/test/resources/features/DSAlgo_Home.feature:6)
]]>
    </error>
  </testcase> <!-- runScenario -->
</testsuite> <!-- runnerTest.TestRunner -->
